{"/mnt/c/Users/colin/desktop/code/isValid/src/FieldRenderer.ts": {"path":"/mnt/c/Users/colin/desktop/code/isValid/src/FieldRenderer.ts","statementMap":{"0":{"start":{"line":1,"column":0},"end":{"line":1,"column":46}},"1":{"start":{"line":18,"column":2},"end":{"line":18,"column":50}},"2":{"start":{"line":22,"column":4},"end":{"line":22,"column":27}},"3":{"start":{"line":23,"column":4},"end":{"line":23,"column":23}},"4":{"start":{"line":24,"column":4},"end":{"line":24,"column":73}},"5":{"start":{"line":29,"column":4},"end":{"line":34,"column":6}},"6":{"start":{"line":36,"column":4},"end":{"line":40,"column":null}},"7":{"start":{"line":43,"column":4},"end":{"line":43,"column":29}},"8":{"start":{"line":45,"column":4},"end":{"line":64,"column":null}},"9":{"start":{"line":47,"column":8},"end":{"line":47,"column":61}},"10":{"start":{"line":48,"column":8},"end":{"line":48,"column":68}},"11":{"start":{"line":49,"column":8},"end":{"line":49,"column":14}},"12":{"start":{"line":51,"column":8},"end":{"line":51,"column":58}},"13":{"start":{"line":52,"column":8},"end":{"line":52,"column":59}},"14":{"start":{"line":53,"column":8},"end":{"line":53,"column":65}},"15":{"start":{"line":54,"column":8},"end":{"line":54,"column":14}},"16":{"start":{"line":56,"column":8},"end":{"line":56,"column":63}},"17":{"start":{"line":57,"column":8},"end":{"line":57,"column":70}},"18":{"start":{"line":58,"column":8},"end":{"line":58,"column":14}},"19":{"start":{"line":60,"column":8},"end":{"line":60,"column":58}},"20":{"start":{"line":61,"column":8},"end":{"line":61,"column":58}},"21":{"start":{"line":62,"column":8},"end":{"line":62,"column":65}},"22":{"start":{"line":63,"column":8},"end":{"line":63,"column":14}},"23":{"start":{"line":68,"column":4},"end":{"line":68,"column":28}},"24":{"start":{"line":72,"column":4},"end":{"line":72,"column":52}},"25":{"start":{"line":72,"column":27},"end":{"line":72,"column":52}},"26":{"start":{"line":74,"column":4},"end":{"line":74,"column":76}},"27":{"start":{"line":75,"column":4},"end":{"line":75,"column":66}},"28":{"start":{"line":76,"column":4},"end":{"line":76,"column":29}},"29":{"start":{"line":80,"column":25},"end":{"line":80,"column":47}},"30":{"start":{"line":81,"column":4},"end":{"line":81,"column":36}},"31":{"start":{"line":82,"column":4},"end":{"line":82,"column":36}},"32":{"start":{"line":83,"column":4},"end":{"line":83,"column":50}},"33":{"start":{"line":84,"column":4},"end":{"line":84,"column":61}},"34":{"start":{"line":88,"column":4},"end":{"line":88,"column":35}},"35":{"start":{"line":88,"column":28},"end":{"line":88,"column":35}},"36":{"start":{"line":90,"column":4},"end":{"line":90,"column":39}},"37":{"start":{"line":91,"column":4},"end":{"line":91,"column":45}},"38":{"start":{"line":92,"column":4},"end":{"line":92,"column":64}},"39":{"start":{"line":14,"column":0},"end":{"line":14,"column":13}}},"fnMap":{"0":{"name":"(anonymous_0)","decl":{"start":{"line":21,"column":2},"end":{"line":21,"column":14}},"loc":{"start":{"line":21,"column":61},"end":{"line":25,"column":3}}},"1":{"name":"(anonymous_1)","decl":{"start":{"line":27,"column":2},"end":{"line":27,"column":6}},"loc":{"start":{"line":27,"column":34},"end":{"line":65,"column":3}}},"2":{"name":"(anonymous_2)","decl":{"start":{"line":67,"column":2},"end":{"line":67,"column":6}},"loc":{"start":{"line":67,"column":16},"end":{"line":69,"column":3}}},"3":{"name":"(anonymous_3)","decl":{"start":{"line":71,"column":2},"end":{"line":71,"column":17}},"loc":{"start":{"line":71,"column":17},"end":{"line":77,"column":3}}},"4":{"name":"(anonymous_4)","decl":{"start":{"line":79,"column":2},"end":{"line":79,"column":11}},"loc":{"start":{"line":79,"column":24},"end":{"line":85,"column":3}}},"5":{"name":"(anonymous_5)","decl":{"start":{"line":87,"column":2},"end":{"line":87,"column":11}},"loc":{"start":{"line":87,"column":11},"end":{"line":93,"column":3}}}},"branchMap":{"0":{"loc":{"start":{"line":36,"column":22},"end":{"line":36,"column":24}},"type":"cond-expr","locations":[{"start":{"line":36,"column":22},"end":{"line":36,"column":24}},{"start":{"line":36,"column":22},"end":{"line":40,"column":null}}]},"1":{"loc":{"start":{"line":36,"column":4},"end":{"line":36,"column":24}},"type":"binary-expr","locations":[{"start":{"line":36,"column":4},"end":{"line":36,"column":24}},{"start":{"line":36,"column":22},"end":{"line":36,"column":24}}]},"2":{"loc":{"start":{"line":46,"column":6},"end":{"line":49,"column":14}},"type":"switch","locations":[{"start":{"line":46,"column":6},"end":{"line":49,"column":14}},{"start":{"line":50,"column":6},"end":{"line":54,"column":14}},{"start":{"line":55,"column":6},"end":{"line":58,"column":14}},{"start":{"line":59,"column":6},"end":{"line":63,"column":14}}]},"3":{"loc":{"start":{"line":48,"column":26},"end":{"line":48,"column":28}},"type":"cond-expr","locations":[{"start":{"line":48,"column":26},"end":{"line":48,"column":28}},{"start":{"line":48,"column":26},"end":{"line":48,"column":68}}]},"4":{"loc":{"start":{"line":48,"column":8},"end":{"line":48,"column":28}},"type":"binary-expr","locations":[{"start":{"line":48,"column":8},"end":{"line":48,"column":28}},{"start":{"line":48,"column":26},"end":{"line":48,"column":28}}]},"5":{"loc":{"start":{"line":53,"column":26},"end":{"line":53,"column":28}},"type":"cond-expr","locations":[{"start":{"line":53,"column":26},"end":{"line":53,"column":28}},{"start":{"line":53,"column":26},"end":{"line":53,"column":65}}]},"6":{"loc":{"start":{"line":53,"column":8},"end":{"line":53,"column":28}},"type":"binary-expr","locations":[{"start":{"line":53,"column":8},"end":{"line":53,"column":28}},{"start":{"line":53,"column":26},"end":{"line":53,"column":28}}]},"7":{"loc":{"start":{"line":57,"column":26},"end":{"line":57,"column":28}},"type":"cond-expr","locations":[{"start":{"line":57,"column":26},"end":{"line":57,"column":28}},{"start":{"line":57,"column":26},"end":{"line":57,"column":70}}]},"8":{"loc":{"start":{"line":57,"column":8},"end":{"line":57,"column":28}},"type":"binary-expr","locations":[{"start":{"line":57,"column":8},"end":{"line":57,"column":28}},{"start":{"line":57,"column":26},"end":{"line":57,"column":28}}]},"9":{"loc":{"start":{"line":62,"column":26},"end":{"line":62,"column":28}},"type":"cond-expr","locations":[{"start":{"line":62,"column":26},"end":{"line":62,"column":28}},{"start":{"line":62,"column":26},"end":{"line":62,"column":65}}]},"10":{"loc":{"start":{"line":62,"column":8},"end":{"line":62,"column":28}},"type":"binary-expr","locations":[{"start":{"line":62,"column":8},"end":{"line":62,"column":28}},{"start":{"line":62,"column":26},"end":{"line":62,"column":28}}]},"11":{"loc":{"start":{"line":72,"column":4},"end":{"line":72,"column":52}},"type":"if","locations":[{"start":{"line":72,"column":4},"end":{"line":72,"column":52}},{"start":{"line":72,"column":4},"end":{"line":72,"column":52}}]},"12":{"loc":{"start":{"line":83,"column":22},"end":{"line":83,"column":24}},"type":"cond-expr","locations":[{"start":{"line":83,"column":22},"end":{"line":83,"column":24}},{"start":{"line":83,"column":22},"end":{"line":83,"column":50}}]},"13":{"loc":{"start":{"line":83,"column":4},"end":{"line":83,"column":24}},"type":"binary-expr","locations":[{"start":{"line":83,"column":4},"end":{"line":83,"column":24}},{"start":{"line":83,"column":22},"end":{"line":83,"column":24}}]},"14":{"loc":{"start":{"line":84,"column":22},"end":{"line":84,"column":24}},"type":"cond-expr","locations":[{"start":{"line":84,"column":22},"end":{"line":84,"column":24}},{"start":{"line":84,"column":22},"end":{"line":84,"column":61}}]},"15":{"loc":{"start":{"line":84,"column":4},"end":{"line":84,"column":24}},"type":"binary-expr","locations":[{"start":{"line":84,"column":4},"end":{"line":84,"column":24}},{"start":{"line":84,"column":22},"end":{"line":84,"column":24}}]},"16":{"loc":{"start":{"line":88,"column":4},"end":{"line":88,"column":35}},"type":"if","locations":[{"start":{"line":88,"column":4},"end":{"line":88,"column":35}},{"start":{"line":88,"column":4},"end":{"line":88,"column":35}}]},"17":{"loc":{"start":{"line":92,"column":22},"end":{"line":92,"column":24}},"type":"cond-expr","locations":[{"start":{"line":92,"column":22},"end":{"line":92,"column":24}},{"start":{"line":92,"column":22},"end":{"line":92,"column":64}}]},"18":{"loc":{"start":{"line":92,"column":4},"end":{"line":92,"column":24}},"type":"binary-expr","locations":[{"start":{"line":92,"column":4},"end":{"line":92,"column":24}},{"start":{"line":92,"column":22},"end":{"line":92,"column":24}}]}},"s":{"0":2,"1":13,"2":13,"3":13,"4":13,"5":18,"6":18,"7":18,"8":18,"9":5,"10":5,"11":5,"12":2,"13":2,"14":2,"15":2,"16":6,"17":6,"18":6,"19":5,"20":5,"21":5,"22":5,"23":0,"24":8,"25":1,"26":7,"27":7,"28":7,"29":8,"30":8,"31":8,"32":8,"33":8,"34":2,"35":1,"36":1,"37":1,"38":1,"39":2},"f":{"0":13,"1":18,"2":0,"3":8,"4":8,"5":2},"b":{"0":[0,18],"1":[18,18],"2":[5,2,6,5],"3":[0,5],"4":[5,5],"5":[0,2],"6":[2,2],"7":[0,6],"8":[6,6],"9":[0,5],"10":[5,5],"11":[1,7],"12":[0,8],"13":[8,8],"14":[0,8],"15":[8,8],"16":[1,1],"17":[0,1],"18":[1,1]}}
,"/mnt/c/Users/colin/desktop/code/isValid/src/FieldValidator.ts": {"path":"/mnt/c/Users/colin/desktop/code/isValid/src/FieldValidator.ts","statementMap":{"0":{"start":{"line":1,"column":0},"end":{"line":1,"column":38}},"1":{"start":{"line":2,"column":0},"end":{"line":2,"column":83}},"2":{"start":{"line":3,"column":0},"end":{"line":3,"column":48}},"3":{"start":{"line":23,"column":0},"end":{"line":23,"column":null}},"4":{"start":{"line":24,"column":2},"end":{"line":24,"column":null}},"5":{"start":{"line":25,"column":2},"end":{"line":25,"column":null}},"6":{"start":{"line":26,"column":2},"end":{"line":26,"column":null}},"7":{"start":{"line":27,"column":2},"end":{"line":27,"column":null}},"8":{"start":{"line":33,"column":2},"end":{"line":33,"column":54}},"9":{"start":{"line":35,"column":2},"end":{"line":35,"column":24}},"10":{"start":{"line":37,"column":2},"end":{"line":37,"column":25}},"11":{"start":{"line":38,"column":2},"end":{"line":38,"column":48}},"12":{"start":{"line":39,"column":10},"end":{"line":39,"column":34}},"13":{"start":{"line":83,"column":2},"end":{"line":85,"column":4}},"14":{"start":{"line":84,"column":4},"end":{"line":84,"column":22}},"15":{"start":{"line":87,"column":2},"end":{"line":97,"column":4}},"16":{"start":{"line":88,"column":4},"end":{"line":88,"column":72}},"17":{"start":{"line":88,"column":65},"end":{"line":88,"column":72}},"18":{"start":{"line":90,"column":4},"end":{"line":96,"column":null}},"19":{"start":{"line":91,"column":6},"end":{"line":93,"column":null}},"20":{"start":{"line":92,"column":8},"end":{"line":92,"column":28}},"21":{"start":{"line":95,"column":6},"end":{"line":95,"column":26}},"22":{"start":{"line":99,"column":2},"end":{"line":105,"column":4}},"23":{"start":{"line":100,"column":4},"end":{"line":100,"column":46}},"24":{"start":{"line":101,"column":4},"end":{"line":103,"column":null}},"25":{"start":{"line":102,"column":6},"end":{"line":102,"column":42}},"26":{"start":{"line":104,"column":4},"end":{"line":104,"column":24}},"27":{"start":{"line":46,"column":4},"end":{"line":46,"column":27}},"28":{"start":{"line":47,"column":4},"end":{"line":47,"column":23}},"29":{"start":{"line":48,"column":4},"end":{"line":48,"column":69}},"30":{"start":{"line":50,"column":4},"end":{"line":52,"column":null}},"31":{"start":{"line":51,"column":6},"end":{"line":51,"column":42}},"32":{"start":{"line":54,"column":4},"end":{"line":54,"column":58}},"33":{"start":{"line":55,"column":4},"end":{"line":55,"column":35}},"34":{"start":{"line":56,"column":4},"end":{"line":56,"column":24}},"35":{"start":{"line":60,"column":4},"end":{"line":67,"column":7}},"36":{"start":{"line":61,"column":30},"end":{"line":61,"column":50}},"37":{"start":{"line":62,"column":6},"end":{"line":66,"column":null}},"38":{"start":{"line":63,"column":8},"end":{"line":63,"column":77}},"39":{"start":{"line":69,"column":4},"end":{"line":71,"column":7}},"40":{"start":{"line":70,"column":6},"end":{"line":70,"column":37}},"41":{"start":{"line":75,"column":4},"end":{"line":77,"column":null}},"42":{"start":{"line":76,"column":6},"end":{"line":76,"column":59}},"43":{"start":{"line":79,"column":4},"end":{"line":79,"column":55}},"44":{"start":{"line":80,"column":4},"end":{"line":80,"column":73}},"45":{"start":{"line":108,"column":4},"end":{"line":108,"column":35}},"46":{"start":{"line":112,"column":4},"end":{"line":114,"column":null}},"47":{"start":{"line":113,"column":6},"end":{"line":113,"column":51}},"48":{"start":{"line":118,"column":27},"end":{"line":118,"column":29}},"49":{"start":{"line":119,"column":4},"end":{"line":126,"column":null}},"50":{"start":{"line":119,"column":17},"end":{"line":119,"column":18}},"51":{"start":{"line":120,"column":16},"end":{"line":120,"column":68}},"52":{"start":{"line":122,"column":6},"end":{"line":125,"column":null}},"53":{"start":{"line":123,"column":8},"end":{"line":123,"column":40}},"54":{"start":{"line":124,"column":8},"end":{"line":124,"column":22}},"55":{"start":{"line":128,"column":4},"end":{"line":128,"column":18}},"56":{"start":{"line":132,"column":4},"end":{"line":136,"column":null}},"57":{"start":{"line":133,"column":6},"end":{"line":133,"column":24}},"58":{"start":{"line":135,"column":6},"end":{"line":135,"column":23}},"59":{"start":{"line":140,"column":4},"end":{"line":142,"column":7}},"60":{"start":{"line":141,"column":6},"end":{"line":141,"column":23}},"61":{"start":{"line":146,"column":4},"end":{"line":152,"column":null}},"62":{"start":{"line":147,"column":6},"end":{"line":151,"column":8}},"63":{"start":{"line":154,"column":4},"end":{"line":154,"column":58}},"64":{"start":{"line":156,"column":4},"end":{"line":182,"column":22}},"65":{"start":{"line":157,"column":21},"end":{"line":157,"column":92}},"66":{"start":{"line":159,"column":6},"end":{"line":181,"column":null}},"67":{"start":{"line":161,"column":8},"end":{"line":161,"column":56}},"68":{"start":{"line":162,"column":24},"end":{"line":162,"column":48}},"69":{"start":{"line":163,"column":8},"end":{"line":163,"column":41}},"70":{"start":{"line":165,"column":8},"end":{"line":169,"column":null}},"71":{"start":{"line":166,"column":10},"end":{"line":166,"column":61}},"72":{"start":{"line":168,"column":10},"end":{"line":168,"column":61}},"73":{"start":{"line":171,"column":8},"end":{"line":171,"column":51}},"74":{"start":{"line":173,"column":8},"end":{"line":177,"column":10}},"75":{"start":{"line":180,"column":8},"end":{"line":180,"column":15}},"76":{"start":{"line":30,"column":0},"end":{"line":30,"column":13}}},"fnMap":{"0":{"name":"(anonymous_7)","decl":{"start":{"line":23,"column":0},"end":{"line":23,"column":12}},"loc":{"start":{"line":23,"column":22},"end":{"line":28,"column":1}}},"1":{"name":"(anonymous_8)","decl":{"start":{"line":41,"column":2},"end":{"line":41,"column":null}},"loc":{"start":{"line":44,"column":30},"end":{"line":57,"column":3}}},"2":{"name":"(anonymous_9)","decl":{"start":{"line":83,"column":12},"end":{"line":83,"column":15}},"loc":{"start":{"line":83,"column":17},"end":{"line":85,"column":3}}},"3":{"name":"(anonymous_10)","decl":{"start":{"line":87,"column":11},"end":{"line":87,"column":14}},"loc":{"start":{"line":87,"column":16},"end":{"line":97,"column":3}}},"4":{"name":"(anonymous_11)","decl":{"start":{"line":99,"column":13},"end":{"line":99,"column":16}},"loc":{"start":{"line":99,"column":18},"end":{"line":105,"column":3}}},"5":{"name":"(anonymous_12)","decl":{"start":{"line":59,"column":2},"end":{"line":59,"column":16}},"loc":{"start":{"line":59,"column":35},"end":{"line":72,"column":3}}},"6":{"name":"(anonymous_13)","decl":{"start":{"line":60,"column":24},"end":{"line":60,"column":25}},"loc":{"start":{"line":60,"column":33},"end":{"line":67,"column":5}}},"7":{"name":"(anonymous_14)","decl":{"start":{"line":69,"column":43},"end":{"line":69,"column":44}},"loc":{"start":{"line":69,"column":52},"end":{"line":71,"column":5}}},"8":{"name":"(anonymous_15)","decl":{"start":{"line":74,"column":2},"end":{"line":74,"column":14}},"loc":{"start":{"line":74,"column":14},"end":{"line":81,"column":3}}},"9":{"name":"(anonymous_16)","decl":{"start":{"line":107,"column":2},"end":{"line":107,"column":12}},"loc":{"start":{"line":107,"column":12},"end":{"line":109,"column":3}}},"10":{"name":"(anonymous_17)","decl":{"start":{"line":111,"column":2},"end":{"line":111,"column":11}},"loc":{"start":{"line":111,"column":11},"end":{"line":115,"column":3}}},"11":{"name":"(anonymous_18)","decl":{"start":{"line":117,"column":8},"end":{"line":117,"column":26}},"loc":{"start":{"line":117,"column":26},"end":{"line":129,"column":null}}},"12":{"name":"(anonymous_20)","decl":{"start":{"line":131,"column":2},"end":{"line":131,"column":20}},"loc":{"start":{"line":131,"column":37},"end":{"line":137,"column":3}}},"13":{"name":"(anonymous_21)","decl":{"start":{"line":139,"column":2},"end":{"line":139,"column":22}},"loc":{"start":{"line":139,"column":37},"end":{"line":143,"column":3}}},"14":{"name":"(anonymous_22)","decl":{"start":{"line":140,"column":22},"end":{"line":140,"column":23}},"loc":{"start":{"line":140,"column":28},"end":{"line":142,"column":5}}},"15":{"name":"(anonymous_23)","decl":{"start":{"line":145,"column":8},"end":{"line":145,"column":16}},"loc":{"start":{"line":145,"column":31},"end":{"line":183,"column":null}}}},"branchMap":{"0":{"loc":{"start":{"line":23,"column":12},"end":{"line":23,"column":22}},"type":"binary-expr","locations":[{"start":{"line":23,"column":12},"end":{"line":23,"column":22}},{"start":{"line":23,"column":12},"end":{"line":23,"column":null}}]},"1":{"loc":{"start":{"line":88,"column":4},"end":{"line":88,"column":72}},"type":"if","locations":[{"start":{"line":88,"column":4},"end":{"line":88,"column":72}},{"start":{"line":88,"column":4},"end":{"line":88,"column":72}}]},"2":{"loc":{"start":{"line":90,"column":4},"end":{"line":96,"column":null}},"type":"if","locations":[{"start":{"line":90,"column":4},"end":{"line":96,"column":null}},{"start":{"line":90,"column":4},"end":{"line":96,"column":null}}]},"3":{"loc":{"start":{"line":91,"column":6},"end":{"line":93,"column":null}},"type":"if","locations":[{"start":{"line":91,"column":6},"end":{"line":93,"column":null}},{"start":{"line":91,"column":6},"end":{"line":93,"column":null}}]},"4":{"loc":{"start":{"line":101,"column":4},"end":{"line":103,"column":null}},"type":"if","locations":[{"start":{"line":101,"column":4},"end":{"line":103,"column":null}},{"start":{"line":101,"column":4},"end":{"line":103,"column":null}}]},"5":{"loc":{"start":{"line":50,"column":4},"end":{"line":52,"column":null}},"type":"if","locations":[{"start":{"line":50,"column":4},"end":{"line":52,"column":null}},{"start":{"line":50,"column":4},"end":{"line":52,"column":null}}]},"6":{"loc":{"start":{"line":62,"column":6},"end":{"line":66,"column":null}},"type":"if","locations":[{"start":{"line":62,"column":6},"end":{"line":66,"column":null}},{"start":{"line":62,"column":6},"end":{"line":66,"column":null}}]},"7":{"loc":{"start":{"line":75,"column":4},"end":{"line":77,"column":null}},"type":"if","locations":[{"start":{"line":75,"column":4},"end":{"line":77,"column":null}},{"start":{"line":75,"column":4},"end":{"line":77,"column":null}}]},"8":{"loc":{"start":{"line":112,"column":4},"end":{"line":114,"column":null}},"type":"if","locations":[{"start":{"line":112,"column":4},"end":{"line":114,"column":null}},{"start":{"line":112,"column":4},"end":{"line":114,"column":null}}]},"9":{"loc":{"start":{"line":112,"column":8},"end":{"line":112,"column":19}},"type":"binary-expr","locations":[{"start":{"line":112,"column":8},"end":{"line":112,"column":19}},{"start":{"line":112,"column":23},"end":{"line":112,"column":45}}]},"10":{"loc":{"start":{"line":122,"column":6},"end":{"line":125,"column":null}},"type":"if","locations":[{"start":{"line":122,"column":6},"end":{"line":125,"column":null}},{"start":{"line":122,"column":6},"end":{"line":125,"column":null}}]},"11":{"loc":{"start":{"line":132,"column":4},"end":{"line":136,"column":null}},"type":"if","locations":[{"start":{"line":132,"column":4},"end":{"line":136,"column":null}},{"start":{"line":132,"column":4},"end":{"line":136,"column":null}}]},"12":{"loc":{"start":{"line":146,"column":4},"end":{"line":152,"column":null}},"type":"if","locations":[{"start":{"line":146,"column":4},"end":{"line":152,"column":null}},{"start":{"line":146,"column":4},"end":{"line":152,"column":null}}]},"13":{"loc":{"start":{"line":146,"column":8},"end":{"line":146,"column":43}},"type":"binary-expr","locations":[{"start":{"line":146,"column":8},"end":{"line":146,"column":43}},{"start":{"line":146,"column":47},"end":{"line":146,"column":53}}]},"14":{"loc":{"start":{"line":159,"column":6},"end":{"line":181,"column":null}},"type":"if","locations":[{"start":{"line":159,"column":6},"end":{"line":181,"column":null}},{"start":{"line":159,"column":6},"end":{"line":181,"column":null}}]},"15":{"loc":{"start":{"line":165,"column":8},"end":{"line":169,"column":null}},"type":"if","locations":[{"start":{"line":165,"column":8},"end":{"line":169,"column":null}},{"start":{"line":165,"column":8},"end":{"line":169,"column":null}}]}},"s":{"0":2,"1":2,"2":2,"3":2,"4":2,"5":2,"6":2,"7":2,"8":4,"9":4,"10":4,"11":4,"12":4,"13":4,"14":0,"15":4,"16":0,"17":0,"18":0,"19":0,"20":0,"21":0,"22":4,"23":0,"24":0,"25":0,"26":0,"27":4,"28":4,"29":4,"30":4,"31":0,"32":4,"33":4,"34":4,"35":4,"36":8,"37":8,"38":8,"39":4,"40":4,"41":4,"42":0,"43":4,"44":4,"45":1,"46":4,"47":4,"48":5,"49":5,"50":5,"51":8,"52":8,"53":4,"54":4,"55":1,"56":5,"57":1,"58":4,"59":5,"60":4,"61":5,"62":0,"63":5,"64":5,"65":5,"66":5,"67":5,"68":5,"69":5,"70":5,"71":1,"72":4,"73":5,"74":5,"75":0,"76":2},"f":{"0":2,"1":4,"2":0,"3":0,"4":0,"5":4,"6":8,"7":4,"8":4,"9":1,"10":4,"11":5,"12":5,"13":5,"14":4,"15":5},"b":{"0":[2,2],"1":[0,0],"2":[0,0],"3":[0,0],"4":[0,0],"5":[0,4],"6":[8,0],"7":[0,4],"8":[4,0],"9":[4,4],"10":[4,4],"11":[1,4],"12":[0,5],"13":[5,1],"14":[5,0],"15":[1,4]}}
,"/mnt/c/Users/colin/desktop/code/isValid/src/RulesExtractor.ts": {"path":"/mnt/c/Users/colin/desktop/code/isValid/src/RulesExtractor.ts","statementMap":{"0":{"start":{"line":1,"column":0},"end":{"line":1,"column":38}},"1":{"start":{"line":7,"column":4},"end":{"line":7,"column":25}},"2":{"start":{"line":16,"column":15},"end":{"line":16,"column":44}},"3":{"start":{"line":18,"column":24},"end":{"line":18,"column":78}},"4":{"start":{"line":19,"column":4},"end":{"line":26,"column":7}},"5":{"start":{"line":20,"column":22},"end":{"line":22,"column":8}},"6":{"start":{"line":21,"column":8},"end":{"line":21,"column":34}},"7":{"start":{"line":24,"column":6},"end":{"line":24,"column":42}},"8":{"start":{"line":24,"column":30},"end":{"line":24,"column":42}},"9":{"start":{"line":25,"column":6},"end":{"line":25,"column":19}},"10":{"start":{"line":30,"column":21},"end":{"line":30,"column":48}},"11":{"start":{"line":31,"column":4},"end":{"line":31,"column":35}},"12":{"start":{"line":39,"column":19},"end":{"line":39,"column":38}},"13":{"start":{"line":40,"column":25},"end":{"line":40,"column":82}},"14":{"start":{"line":42,"column":4},"end":{"line":48,"column":7}},"15":{"start":{"line":43,"column":20},"end":{"line":43,"column":48}},"16":{"start":{"line":45,"column":6},"end":{"line":47,"column":null}},"17":{"start":{"line":46,"column":8},"end":{"line":46,"column":51}},"18":{"start":{"line":50,"column":4},"end":{"line":50,"column":18}},"19":{"start":{"line":54,"column":23},"end":{"line":54,"column":92}},"20":{"start":{"line":55,"column":27},"end":{"line":55,"column":56}},"21":{"start":{"line":57,"column":4},"end":{"line":73,"column":7}},"22":{"start":{"line":58,"column":6},"end":{"line":72,"column":9}},"23":{"start":{"line":59,"column":22},"end":{"line":59,"column":48}},"24":{"start":{"line":61,"column":8},"end":{"line":71,"column":null}},"25":{"start":{"line":62,"column":33},"end":{"line":62,"column":54}},"26":{"start":{"line":63,"column":27},"end":{"line":63,"column":54}},"27":{"start":{"line":64,"column":28},"end":{"line":64,"column":38}},"28":{"start":{"line":65,"column":22},"end":{"line":65,"column":85}},"29":{"start":{"line":67,"column":31},"end":{"line":69,"column":57}},"30":{"start":{"line":70,"column":10},"end":{"line":70,"column":47}},"31":{"start":{"line":75,"column":4},"end":{"line":75,"column":26}},"32":{"start":{"line":3,"column":0},"end":{"line":3,"column":13}}},"fnMap":{"0":{"name":"(anonymous_0)","decl":{"start":{"line":6,"column":2},"end":{"line":6,"column":14}},"loc":{"start":{"line":6,"column":46},"end":{"line":8,"column":3}}},"1":{"name":"(anonymous_1)","decl":{"start":{"line":15,"column":2},"end":{"line":15,"column":16}},"loc":{"start":{"line":15,"column":37},"end":{"line":27,"column":3}}},"2":{"name":"(anonymous_2)","decl":{"start":{"line":19,"column":30},"end":{"line":19,"column":31}},"loc":{"start":{"line":19,"column":50},"end":{"line":26,"column":5}}},"3":{"name":"(anonymous_3)","decl":{"start":{"line":20,"column":55},"end":{"line":20,"column":56}},"loc":{"start":{"line":20,"column":64},"end":{"line":22,"column":7}}},"4":{"name":"(anonymous_4)","decl":{"start":{"line":29,"column":2},"end":{"line":29,"column":32}},"loc":{"start":{"line":29,"column":52},"end":{"line":32,"column":3}}},"5":{"name":"(anonymous_5)","decl":{"start":{"line":38,"column":2},"end":{"line":38,"column":19}},"loc":{"start":{"line":38,"column":58},"end":{"line":51,"column":3}}},"6":{"name":"(anonymous_6)","decl":{"start":{"line":42,"column":43},"end":{"line":42,"column":44}},"loc":{"start":{"line":42,"column":58},"end":{"line":48,"column":5}}},"7":{"name":"(anonymous_7)","decl":{"start":{"line":53,"column":2},"end":{"line":53,"column":10}},"loc":{"start":{"line":53,"column":34},"end":{"line":76,"column":3}}},"8":{"name":"(anonymous_8)","decl":{"start":{"line":57,"column":21},"end":{"line":57,"column":22}},"loc":{"start":{"line":57,"column":41},"end":{"line":73,"column":5}}},"9":{"name":"(anonymous_9)","decl":{"start":{"line":58,"column":40},"end":{"line":58,"column":41}},"loc":{"start":{"line":58,"column":55},"end":{"line":72,"column":7}}}},"branchMap":{"0":{"loc":{"start":{"line":6,"column":31},"end":{"line":6,"column":46}},"type":"default-arg","locations":[{"start":{"line":6,"column":31},"end":{"line":6,"column":46}}]},"1":{"loc":{"start":{"line":24,"column":6},"end":{"line":24,"column":42}},"type":"if","locations":[{"start":{"line":24,"column":6},"end":{"line":24,"column":42}},{"start":{"line":24,"column":6},"end":{"line":24,"column":42}}]},"2":{"loc":{"start":{"line":45,"column":6},"end":{"line":47,"column":null}},"type":"if","locations":[{"start":{"line":45,"column":6},"end":{"line":47,"column":null}},{"start":{"line":45,"column":6},"end":{"line":47,"column":null}}]},"3":{"loc":{"start":{"line":61,"column":8},"end":{"line":71,"column":null}},"type":"if","locations":[{"start":{"line":61,"column":8},"end":{"line":71,"column":null}},{"start":{"line":61,"column":8},"end":{"line":71,"column":null}}]},"4":{"loc":{"start":{"line":61,"column":12},"end":{"line":61,"column":17}},"type":"binary-expr","locations":[{"start":{"line":61,"column":12},"end":{"line":61,"column":17}},{"start":{"line":61,"column":21},"end":{"line":61,"column":33}}]},"5":{"loc":{"start":{"line":68,"column":14},"end":{"line":68,"column":92}},"type":"cond-expr","locations":[{"start":{"line":68,"column":14},"end":{"line":68,"column":92}},{"start":{"line":69,"column":14},"end":{"line":69,"column":57}}]}},"s":{"0":1,"1":3,"2":3,"3":3,"4":3,"5":9,"6":39,"7":9,"8":6,"9":3,"10":3,"11":3,"12":9,"13":9,"14":9,"15":54,"16":54,"17":12,"18":9,"19":3,"20":3,"21":3,"22":6,"23":33,"24":33,"25":9,"26":9,"27":9,"28":9,"29":9,"30":9,"31":3,"32":1},"f":{"0":3,"1":3,"2":9,"3":39,"4":3,"5":9,"6":54,"7":3,"8":6,"9":33},"b":{"0":[3],"1":[6,3],"2":[12,42],"3":[9,24],"4":[33,9],"5":[3,6]}}
,"/mnt/c/Users/colin/desktop/code/isValid/src/utils.ts": {"path":"/mnt/c/Users/colin/desktop/code/isValid/src/utils.ts","statementMap":{"0":{"start":{"line":2,"column":2},"end":{"line":3,"column":78}},"1":{"start":{"line":3,"column":4},"end":{"line":3,"column":78}},"2":{"start":{"line":5,"column":16},"end":{"line":5,"column":66}},"3":{"start":{"line":6,"column":16},"end":{"line":6,"column":35}},"4":{"start":{"line":8,"column":2},"end":{"line":8,"column":96}},"5":{"start":{"line":8,"column":22},"end":{"line":8,"column":96}},"6":{"start":{"line":10,"column":2},"end":{"line":12,"column":null}},"7":{"start":{"line":11,"column":4},"end":{"line":11,"column":78}},"8":{"start":{"line":14,"column":17},"end":{"line":14,"column":38}},"9":{"start":{"line":15,"column":14},"end":{"line":15,"column":49}},"10":{"start":{"line":17,"column":2},"end":{"line":19,"column":null}},"11":{"start":{"line":18,"column":4},"end":{"line":18,"column":21}},"12":{"start":{"line":21,"column":2},"end":{"line":21,"column":29}},"13":{"start":{"line":1,"column":0},"end":{"line":1,"column":16}},"14":{"start":{"line":27,"column":2},"end":{"line":27,"column":99}},"15":{"start":{"line":27,"column":68},"end":{"line":27,"column":85}},"16":{"start":{"line":26,"column":0},"end":{"line":26,"column":16}},"17":{"start":{"line":31,"column":2},"end":{"line":31,"column":63}},"18":{"start":{"line":30,"column":0},"end":{"line":30,"column":16}},"19":{"start":{"line":35,"column":16},"end":{"line":35,"column":17}},"20":{"start":{"line":37,"column":2},"end":{"line":50,"column":4}},"21":{"start":{"line":38,"column":4},"end":{"line":38,"column":14}},"22":{"start":{"line":39,"column":22},"end":{"line":39,"column":29}},"23":{"start":{"line":41,"column":4},"end":{"line":49,"column":null}},"24":{"start":{"line":42,"column":21},"end":{"line":42,"column":44}},"25":{"start":{"line":44,"column":6},"end":{"line":46,"column":null}},"26":{"start":{"line":45,"column":8},"end":{"line":45,"column":22}},"27":{"start":{"line":48,"column":6},"end":{"line":48,"column":25}},"28":{"start":{"line":34,"column":0},"end":{"line":34,"column":16}},"29":{"start":{"line":54,"column":33},"end":{"line":54,"column":37}},"30":{"start":{"line":55,"column":2},"end":{"line":58,"column":9}},"31":{"start":{"line":56,"column":4},"end":{"line":56,"column":38}},"32":{"start":{"line":57,"column":4},"end":{"line":57,"column":69}},"33":{"start":{"line":57,"column":40},"end":{"line":57,"column":60}},"34":{"start":{"line":53,"column":0},"end":{"line":53,"column":16}},"35":{"start":{"line":64,"column":2},"end":{"line":66,"column":null}},"36":{"start":{"line":65,"column":4},"end":{"line":65,"column":16}},"37":{"start":{"line":68,"column":2},"end":{"line":68,"column":15}},"38":{"start":{"line":61,"column":0},"end":{"line":61,"column":16}}},"fnMap":{"0":{"name":"extractValueAndOperator","decl":{"start":{"line":1,"column":16},"end":{"line":1,"column":39}},"loc":{"start":{"line":1,"column":55},"end":{"line":22,"column":1}}},"1":{"name":"toCamelCase","decl":{"start":{"line":26,"column":16},"end":{"line":26,"column":27}},"loc":{"start":{"line":26,"column":39},"end":{"line":28,"column":1}}},"2":{"name":"(anonymous_9)","decl":{"start":{"line":27,"column":56},"end":{"line":27,"column":57}},"loc":{"start":{"line":27,"column":68},"end":{"line":27,"column":85}}},"3":{"name":"escapeRegex","decl":{"start":{"line":30,"column":16},"end":{"line":30,"column":27}},"loc":{"start":{"line":30,"column":39},"end":{"line":32,"column":1}}},"4":{"name":"createDebouncedPromiseFunction","decl":{"start":{"line":34,"column":16},"end":{"line":34,"column":46}},"loc":{"start":{"line":34,"column":46},"end":{"line":51,"column":1}}},"5":{"name":"(anonymous_12)","decl":{"start":{"line":37,"column":9},"end":{"line":37,"column":28}},"loc":{"start":{"line":37,"column":61},"end":{"line":50,"column":4}}},"6":{"name":"debounce","decl":{"start":{"line":53,"column":16},"end":{"line":53,"column":24}},"loc":{"start":{"line":53,"column":83},"end":{"line":59,"column":1}}},"7":{"name":"(anonymous_15)","decl":{"start":{"line":55,"column":9},"end":{"line":55,"column":30}},"loc":{"start":{"line":55,"column":44},"end":{"line":58,"column":8}}},"8":{"name":"(anonymous_16)","decl":{"start":{"line":57,"column":34},"end":{"line":57,"column":37}},"loc":{"start":{"line":57,"column":40},"end":{"line":57,"column":60}}},"9":{"name":"isInputElement","decl":{"start":{"line":61,"column":16},"end":{"line":61,"column":30}},"loc":{"start":{"line":62,"column":41},"end":{"line":69,"column":1}}}},"branchMap":{"0":{"loc":{"start":{"line":2,"column":2},"end":{"line":3,"column":78}},"type":"if","locations":[{"start":{"line":2,"column":2},"end":{"line":3,"column":78}},{"start":{"line":2,"column":2},"end":{"line":3,"column":78}}]},"1":{"loc":{"start":{"line":8,"column":2},"end":{"line":8,"column":96}},"type":"if","locations":[{"start":{"line":8,"column":2},"end":{"line":8,"column":96}},{"start":{"line":8,"column":2},"end":{"line":8,"column":96}}]},"2":{"loc":{"start":{"line":8,"column":12},"end":{"line":8,"column":14}},"type":"cond-expr","locations":[{"start":{"line":8,"column":12},"end":{"line":8,"column":14}},{"start":{"line":8,"column":7},"end":{"line":8,"column":20}}]},"3":{"loc":{"start":{"line":8,"column":7},"end":{"line":8,"column":14}},"type":"binary-expr","locations":[{"start":{"line":8,"column":7},"end":{"line":8,"column":14}},{"start":{"line":8,"column":7},"end":{"line":8,"column":14}}]},"4":{"loc":{"start":{"line":10,"column":2},"end":{"line":12,"column":null}},"type":"if","locations":[{"start":{"line":10,"column":2},"end":{"line":12,"column":null}},{"start":{"line":10,"column":2},"end":{"line":12,"column":null}}]},"5":{"loc":{"start":{"line":17,"column":2},"end":{"line":19,"column":null}},"type":"if","locations":[{"start":{"line":17,"column":2},"end":{"line":19,"column":null}},{"start":{"line":17,"column":2},"end":{"line":19,"column":null}}]},"6":{"loc":{"start":{"line":44,"column":6},"end":{"line":46,"column":null}},"type":"if","locations":[{"start":{"line":44,"column":6},"end":{"line":46,"column":null}},{"start":{"line":44,"column":6},"end":{"line":46,"column":null}}]},"7":{"loc":{"start":{"line":64,"column":2},"end":{"line":66,"column":null}},"type":"if","locations":[{"start":{"line":64,"column":2},"end":{"line":66,"column":null}},{"start":{"line":64,"column":2},"end":{"line":66,"column":null}}]}},"s":{"0":8,"1":0,"2":8,"3":8,"4":8,"5":0,"6":8,"7":0,"8":8,"9":8,"10":8,"11":0,"12":8,"13":4,"14":21,"15":0,"16":4,"17":0,"18":4,"19":4,"20":4,"21":5,"22":5,"23":5,"24":5,"25":5,"26":5,"27":0,"28":4,"29":4,"30":4,"31":0,"32":0,"33":0,"34":4,"35":4,"36":0,"37":4,"38":4},"f":{"0":8,"1":21,"2":0,"3":0,"4":4,"5":5,"6":4,"7":0,"8":0,"9":4},"b":{"0":[0,8],"1":[0,8],"2":[0,8],"3":[8,8],"4":[0,8],"5":[0,8],"6":[5,0],"7":[0,4]}}
,"/mnt/c/Users/colin/desktop/code/isValid/src/rules/AsyncRule.ts": {"path":"/mnt/c/Users/colin/desktop/code/isValid/src/rules/AsyncRule.ts","statementMap":{"0":{"start":{"line":4,"column":2},"end":{"line":8,"column":5}},"1":{"start":{"line":5,"column":4},"end":{"line":7,"column":16}},"2":{"start":{"line":6,"column":6},"end":{"line":6,"column":16}},"3":{"start":{"line":14,"column":2},"end":{"line":14,"column":17}},"4":{"start":{"line":15,"column":2},"end":{"line":15,"column":17}},"5":{"start":{"line":18,"column":4},"end":{"line":18,"column":27}},"6":{"start":{"line":19,"column":4},"end":{"line":19,"column":25}},"7":{"start":{"line":23,"column":4},"end":{"line":25,"column":null}},"8":{"start":{"line":24,"column":6},"end":{"line":24,"column":32}},"9":{"start":{"line":27,"column":4},"end":{"line":27,"column":24}},"10":{"start":{"line":31,"column":18},"end":{"line":31,"column":33}},"11":{"start":{"line":33,"column":4},"end":{"line":33,"column":21}},"12":{"start":{"line":35,"column":4},"end":{"line":42,"column":null}},"13":{"start":{"line":36,"column":6},"end":{"line":38,"column":null}},"14":{"start":{"line":37,"column":8},"end":{"line":37,"column":21}},"15":{"start":{"line":39,"column":6},"end":{"line":39,"column":18}},"16":{"start":{"line":41,"column":6},"end":{"line":41,"column":19}},"17":{"start":{"line":11,"column":0},"end":{"line":11,"column":13}}},"fnMap":{"0":{"name":"wait","decl":{"start":{"line":3,"column":9},"end":{"line":3,"column":13}},"loc":{"start":{"line":3,"column":29},"end":{"line":9,"column":1}}},"1":{"name":"(anonymous_8)","decl":{"start":{"line":4,"column":21},"end":{"line":4,"column":22}},"loc":{"start":{"line":4,"column":33},"end":{"line":8,"column":3}}},"2":{"name":"(anonymous_9)","decl":{"start":{"line":5,"column":15},"end":{"line":5,"column":18}},"loc":{"start":{"line":5,"column":20},"end":{"line":7,"column":5}}},"3":{"name":"(anonymous_10)","decl":{"start":{"line":17,"column":2},"end":{"line":17,"column":14}},"loc":{"start":{"line":17,"column":66},"end":{"line":20,"column":3}}},"4":{"name":"(anonymous_11)","decl":{"start":{"line":22,"column":2},"end":{"line":22,"column":10}},"loc":{"start":{"line":22,"column":10},"end":{"line":28,"column":3}}},"5":{"name":"(anonymous_12)","decl":{"start":{"line":30,"column":8},"end":{"line":30,"column":16}},"loc":{"start":{"line":30,"column":16},"end":{"line":43,"column":null}}}},"branchMap":{"0":{"loc":{"start":{"line":23,"column":4},"end":{"line":25,"column":null}},"type":"if","locations":[{"start":{"line":23,"column":4},"end":{"line":25,"column":null}},{"start":{"line":23,"column":4},"end":{"line":25,"column":null}}]},"1":{"loc":{"start":{"line":35,"column":4},"end":{"line":42,"column":null}},"type":"if","locations":[{"start":{"line":35,"column":4},"end":{"line":42,"column":null}},{"start":{"line":35,"column":4},"end":{"line":42,"column":null}}]},"2":{"loc":{"start":{"line":36,"column":6},"end":{"line":38,"column":null}},"type":"if","locations":[{"start":{"line":36,"column":6},"end":{"line":38,"column":null}},{"start":{"line":36,"column":6},"end":{"line":38,"column":null}}]}},"s":{"0":0,"1":0,"2":0,"3":0,"4":0,"5":0,"6":0,"7":0,"8":0,"9":0,"10":0,"11":0,"12":0,"13":0,"14":0,"15":0,"16":0,"17":2},"f":{"0":0,"1":0,"2":0,"3":0,"4":0,"5":0},"b":{"0":[0,0],"1":[0,0],"2":[0,0]}}
,"/mnt/c/Users/colin/desktop/code/isValid/src/rules/EmailRule.ts": {"path":"/mnt/c/Users/colin/desktop/code/isValid/src/rules/EmailRule.ts","statementMap":{"0":{"start":{"line":1,"column":0},"end":{"line":1,"column":40}},"1":{"start":{"line":3,"column":25},"end":{"line":3,"column":85}},"2":{"start":{"line":8,"column":4},"end":{"line":8,"column":75}},"3":{"start":{"line":6,"column":2},"end":{"line":6,"column":17}},"4":{"start":{"line":5,"column":0},"end":{"line":5,"column":13}}},"fnMap":{"0":{"name":"(anonymous_0)","decl":{"start":{"line":7,"column":2},"end":{"line":7,"column":14}},"loc":{"start":{"line":7,"column":66},"end":{"line":9,"column":3}}}},"branchMap":{},"s":{"0":3,"1":3,"2":8,"3":8,"4":3},"f":{"0":8},"b":{}}
,"/mnt/c/Users/colin/desktop/code/isValid/src/rules/LengthRule.ts": {"path":"/mnt/c/Users/colin/desktop/code/isValid/src/rules/LengthRule.ts","statementMap":{"0":{"start":{"line":2,"column":0},"end":{"line":2,"column":51}},"1":{"start":{"line":7,"column":2},"end":{"line":7,"column":16}},"2":{"start":{"line":8,"column":2},"end":{"line":8,"column":18}},"3":{"start":{"line":9,"column":2},"end":{"line":9,"column":15}},"4":{"start":{"line":12,"column":4},"end":{"line":12,"column":27}},"5":{"start":{"line":13,"column":4},"end":{"line":13,"column":25}},"6":{"start":{"line":14,"column":4},"end":{"line":14,"column":39}},"7":{"start":{"line":18,"column":4},"end":{"line":20,"column":null}},"8":{"start":{"line":19,"column":6},"end":{"line":19,"column":32}},"9":{"start":{"line":21,"column":4},"end":{"line":21,"column":24}},"10":{"start":{"line":25,"column":18},"end":{"line":25,"column":33}},"11":{"start":{"line":26,"column":26},"end":{"line":26,"column":72}},"12":{"start":{"line":27,"column":4},"end":{"line":27,"column":91}},"13":{"start":{"line":4,"column":0},"end":{"line":4,"column":13}}},"fnMap":{"0":{"name":"(anonymous_0)","decl":{"start":{"line":11,"column":2},"end":{"line":11,"column":14}},"loc":{"start":{"line":11,"column":66},"end":{"line":15,"column":3}}},"1":{"name":"(anonymous_1)","decl":{"start":{"line":17,"column":2},"end":{"line":17,"column":10}},"loc":{"start":{"line":17,"column":10},"end":{"line":22,"column":3}}},"2":{"name":"(anonymous_2)","decl":{"start":{"line":24,"column":2},"end":{"line":24,"column":10}},"loc":{"start":{"line":24,"column":10},"end":{"line":28,"column":3}}}},"branchMap":{"0":{"loc":{"start":{"line":18,"column":4},"end":{"line":20,"column":null}},"type":"if","locations":[{"start":{"line":18,"column":4},"end":{"line":20,"column":null}},{"start":{"line":18,"column":4},"end":{"line":20,"column":null}}]}},"s":{"0":3,"1":9,"2":9,"3":9,"4":9,"5":9,"6":9,"7":10,"8":10,"9":0,"10":8,"11":8,"12":8,"13":3},"f":{"0":9,"1":10,"2":8},"b":{"0":[10,0]}}
,"/mnt/c/Users/colin/desktop/code/isValid/src/rules/MatchRule.ts": {"path":"/mnt/c/Users/colin/desktop/code/isValid/src/rules/MatchRule.ts","statementMap":{"0":{"start":{"line":8,"column":2},"end":{"line":8,"column":16}},"1":{"start":{"line":9,"column":2},"end":{"line":9,"column":17}},"2":{"start":{"line":10,"column":2},"end":{"line":10,"column":15}},"3":{"start":{"line":13,"column":4},"end":{"line":13,"column":27}},"4":{"start":{"line":14,"column":4},"end":{"line":14,"column":25}},"5":{"start":{"line":15,"column":4},"end":{"line":15,"column":39}},"6":{"start":{"line":16,"column":4},"end":{"line":16,"column":88}},"7":{"start":{"line":18,"column":4},"end":{"line":22,"column":null}},"8":{"start":{"line":19,"column":6},"end":{"line":21,"column":8}},"9":{"start":{"line":26,"column":4},"end":{"line":28,"column":null}},"10":{"start":{"line":27,"column":6},"end":{"line":27,"column":59}},"11":{"start":{"line":32,"column":29},"end":{"line":32,"column":44}},"12":{"start":{"line":33,"column":4},"end":{"line":33,"column":43}},"13":{"start":{"line":4,"column":0},"end":{"line":4,"column":13}}},"fnMap":{"0":{"name":"(anonymous_0)","decl":{"start":{"line":12,"column":2},"end":{"line":12,"column":14}},"loc":{"start":{"line":12,"column":66},"end":{"line":23,"column":3}}},"1":{"name":"(anonymous_1)","decl":{"start":{"line":25,"column":2},"end":{"line":25,"column":10}},"loc":{"start":{"line":25,"column":10},"end":{"line":29,"column":3}}},"2":{"name":"(anonymous_2)","decl":{"start":{"line":31,"column":2},"end":{"line":31,"column":10}},"loc":{"start":{"line":31,"column":10},"end":{"line":34,"column":3}}}},"branchMap":{"0":{"loc":{"start":{"line":18,"column":4},"end":{"line":22,"column":null}},"type":"if","locations":[{"start":{"line":18,"column":4},"end":{"line":22,"column":null}},{"start":{"line":18,"column":4},"end":{"line":22,"column":null}}]},"1":{"loc":{"start":{"line":26,"column":4},"end":{"line":28,"column":null}},"type":"if","locations":[{"start":{"line":26,"column":4},"end":{"line":28,"column":null}},{"start":{"line":26,"column":4},"end":{"line":28,"column":null}}]},"2":{"loc":{"start":{"line":26,"column":8},"end":{"line":26,"column":25}},"type":"binary-expr","locations":[{"start":{"line":26,"column":8},"end":{"line":26,"column":25}},{"start":{"line":26,"column":29},"end":{"line":26,"column":69}}]}},"s":{"0":0,"1":0,"2":0,"3":0,"4":0,"5":0,"6":0,"7":0,"8":0,"9":0,"10":0,"11":0,"12":0,"13":2},"f":{"0":0,"1":0,"2":0},"b":{"0":[0,0],"1":[0,0],"2":[0,0]}}
,"/mnt/c/Users/colin/desktop/code/isValid/src/rules/RegexRule.ts": {"path":"/mnt/c/Users/colin/desktop/code/isValid/src/rules/RegexRule.ts","statementMap":{"0":{"start":{"line":7,"column":2},"end":{"line":7,"column":16}},"1":{"start":{"line":8,"column":2},"end":{"line":8,"column":17}},"2":{"start":{"line":9,"column":2},"end":{"line":9,"column":15}},"3":{"start":{"line":13,"column":4},"end":{"line":13,"column":27}},"4":{"start":{"line":14,"column":4},"end":{"line":14,"column":25}},"5":{"start":{"line":15,"column":4},"end":{"line":15,"column":39}},"6":{"start":{"line":16,"column":4},"end":{"line":16,"column":71}},"7":{"start":{"line":20,"column":4},"end":{"line":22,"column":null}},"8":{"start":{"line":21,"column":6},"end":{"line":21,"column":32}},"9":{"start":{"line":26,"column":18},"end":{"line":26,"column":33}},"10":{"start":{"line":27,"column":4},"end":{"line":27,"column":35}},"11":{"start":{"line":4,"column":0},"end":{"line":4,"column":13}}},"fnMap":{"0":{"name":"(anonymous_0)","decl":{"start":{"line":12,"column":2},"end":{"line":12,"column":14}},"loc":{"start":{"line":12,"column":71},"end":{"line":17,"column":3}}},"1":{"name":"(anonymous_1)","decl":{"start":{"line":19,"column":2},"end":{"line":19,"column":10}},"loc":{"start":{"line":19,"column":10},"end":{"line":23,"column":3}}},"2":{"name":"(anonymous_2)","decl":{"start":{"line":25,"column":2},"end":{"line":25,"column":10}},"loc":{"start":{"line":25,"column":10},"end":{"line":28,"column":3}}}},"branchMap":{"0":{"loc":{"start":{"line":12,"column":69},"end":{"line":12,"column":71}},"type":"default-arg","locations":[{"start":{"line":12,"column":69},"end":{"line":12,"column":71}}]},"1":{"loc":{"start":{"line":20,"column":4},"end":{"line":22,"column":null}},"type":"if","locations":[{"start":{"line":20,"column":4},"end":{"line":22,"column":null}},{"start":{"line":20,"column":4},"end":{"line":22,"column":null}}]}},"s":{"0":15,"1":15,"2":15,"3":15,"4":15,"5":15,"6":15,"7":15,"8":15,"9":15,"10":15,"11":4},"f":{"0":15,"1":15,"2":15},"b":{"0":[0],"1":[15,0]}}
,"/mnt/c/Users/colin/desktop/code/isValid/src/rules/RequiredMultipleRule.ts": {"path":"/mnt/c/Users/colin/desktop/code/isValid/src/rules/RequiredMultipleRule.ts","statementMap":{"0":{"start":{"line":2,"column":0},"end":{"line":2,"column":51}},"1":{"start":{"line":8,"column":2},"end":{"line":8,"column":17}},"2":{"start":{"line":9,"column":2},"end":{"line":9,"column":28}},"3":{"start":{"line":10,"column":2},"end":{"line":10,"column":15}},"4":{"start":{"line":13,"column":4},"end":{"line":13,"column":27}},"5":{"start":{"line":14,"column":4},"end":{"line":14,"column":87}},"6":{"start":{"line":16,"column":4},"end":{"line":18,"column":null}},"7":{"start":{"line":17,"column":6},"end":{"line":17,"column":59}},"8":{"start":{"line":19,"column":4},"end":{"line":19,"column":25}},"9":{"start":{"line":20,"column":4},"end":{"line":20,"column":39}},"10":{"start":{"line":26,"column":26},"end":{"line":26,"column":72}},"11":{"start":{"line":27,"column":25},"end":{"line":33,"column":6}},"12":{"start":{"line":28,"column":6},"end":{"line":32,"column":null}},"13":{"start":{"line":29,"column":8},"end":{"line":29,"column":31}},"14":{"start":{"line":31,"column":8},"end":{"line":31,"column":43}},"15":{"start":{"line":35,"column":4},"end":{"line":35,"column":91}},"16":{"start":{"line":4,"column":0},"end":{"line":4,"column":13}}},"fnMap":{"0":{"name":"(anonymous_0)","decl":{"start":{"line":12,"column":2},"end":{"line":12,"column":14}},"loc":{"start":{"line":12,"column":71},"end":{"line":21,"column":3}}},"1":{"name":"(anonymous_1)","decl":{"start":{"line":23,"column":2},"end":{"line":23,"column":10}},"loc":{"start":{"line":23,"column":10},"end":{"line":23,"column":20}}},"2":{"name":"(anonymous_2)","decl":{"start":{"line":25,"column":2},"end":{"line":25,"column":10}},"loc":{"start":{"line":25,"column":10},"end":{"line":36,"column":3}}},"3":{"name":"(anonymous_3)","decl":{"start":{"line":27,"column":44},"end":{"line":27,"column":45}},"loc":{"start":{"line":27,"column":56},"end":{"line":33,"column":5}}}},"branchMap":{"0":{"loc":{"start":{"line":12,"column":69},"end":{"line":12,"column":71}},"type":"default-arg","locations":[{"start":{"line":12,"column":69},"end":{"line":12,"column":71}}]},"1":{"loc":{"start":{"line":16,"column":4},"end":{"line":18,"column":null}},"type":"if","locations":[{"start":{"line":16,"column":4},"end":{"line":18,"column":null}},{"start":{"line":16,"column":4},"end":{"line":18,"column":null}}]},"2":{"loc":{"start":{"line":28,"column":6},"end":{"line":32,"column":null}},"type":"if","locations":[{"start":{"line":28,"column":6},"end":{"line":32,"column":null}},{"start":{"line":28,"column":6},"end":{"line":32,"column":null}}]}},"s":{"0":2,"1":0,"2":0,"3":0,"4":0,"5":0,"6":0,"7":0,"8":0,"9":0,"10":0,"11":0,"12":0,"13":0,"14":0,"15":0,"16":2},"f":{"0":0,"1":0,"2":0,"3":0},"b":{"0":[0],"1":[0,0],"2":[0,0]}}
,"/mnt/c/Users/colin/desktop/code/isValid/src/rules/RequiredRule.ts": {"path":"/mnt/c/Users/colin/desktop/code/isValid/src/rules/RequiredRule.ts","statementMap":{"0":{"start":{"line":6,"column":2},"end":{"line":6,"column":17}},"1":{"start":{"line":7,"column":2},"end":{"line":7,"column":20}},"2":{"start":{"line":8,"column":2},"end":{"line":8,"column":15}},"3":{"start":{"line":11,"column":4},"end":{"line":11,"column":27}},"4":{"start":{"line":12,"column":4},"end":{"line":12,"column":25}},"5":{"start":{"line":13,"column":4},"end":{"line":13,"column":39}},"6":{"start":{"line":17,"column":4},"end":{"line":29,"column":null}},"7":{"start":{"line":18,"column":6},"end":{"line":22,"column":null}},"8":{"start":{"line":19,"column":8},"end":{"line":19,"column":36}},"9":{"start":{"line":21,"column":8},"end":{"line":21,"column":34}},"10":{"start":{"line":23,"column":11},"end":{"line":29,"column":null}},"11":{"start":{"line":24,"column":6},"end":{"line":28,"column":null}},"12":{"start":{"line":25,"column":8},"end":{"line":25,"column":70}},"13":{"start":{"line":27,"column":8},"end":{"line":27,"column":21}},"14":{"start":{"line":31,"column":4},"end":{"line":31,"column":24}},"15":{"start":{"line":35,"column":18},"end":{"line":35,"column":33}},"16":{"start":{"line":37,"column":4},"end":{"line":44,"column":null}},"17":{"start":{"line":38,"column":6},"end":{"line":40,"column":null}},"18":{"start":{"line":39,"column":8},"end":{"line":39,"column":21}},"19":{"start":{"line":41,"column":6},"end":{"line":41,"column":18}},"20":{"start":{"line":43,"column":6},"end":{"line":43,"column":19}},"21":{"start":{"line":3,"column":0},"end":{"line":3,"column":13}}},"fnMap":{"0":{"name":"(anonymous_0)","decl":{"start":{"line":10,"column":2},"end":{"line":10,"column":14}},"loc":{"start":{"line":10,"column":71},"end":{"line":14,"column":3}}},"1":{"name":"(anonymous_1)","decl":{"start":{"line":16,"column":2},"end":{"line":16,"column":10}},"loc":{"start":{"line":16,"column":10},"end":{"line":32,"column":3}}},"2":{"name":"(anonymous_2)","decl":{"start":{"line":34,"column":2},"end":{"line":34,"column":10}},"loc":{"start":{"line":34,"column":10},"end":{"line":45,"column":3}}}},"branchMap":{"0":{"loc":{"start":{"line":10,"column":69},"end":{"line":10,"column":71}},"type":"default-arg","locations":[{"start":{"line":10,"column":69},"end":{"line":10,"column":71}}]},"1":{"loc":{"start":{"line":17,"column":4},"end":{"line":29,"column":null}},"type":"if","locations":[{"start":{"line":17,"column":4},"end":{"line":29,"column":null}},{"start":{"line":17,"column":4},"end":{"line":29,"column":null}}]},"2":{"loc":{"start":{"line":18,"column":6},"end":{"line":22,"column":null}},"type":"if","locations":[{"start":{"line":18,"column":6},"end":{"line":22,"column":null}},{"start":{"line":18,"column":6},"end":{"line":22,"column":null}}]},"3":{"loc":{"start":{"line":23,"column":11},"end":{"line":29,"column":null}},"type":"if","locations":[{"start":{"line":23,"column":11},"end":{"line":29,"column":null}},{"start":{"line":23,"column":11},"end":{"line":29,"column":null}}]},"4":{"loc":{"start":{"line":24,"column":6},"end":{"line":28,"column":null}},"type":"if","locations":[{"start":{"line":24,"column":6},"end":{"line":28,"column":null}},{"start":{"line":24,"column":6},"end":{"line":28,"column":null}}]},"5":{"loc":{"start":{"line":37,"column":4},"end":{"line":44,"column":null}},"type":"if","locations":[{"start":{"line":37,"column":4},"end":{"line":44,"column":null}},{"start":{"line":37,"column":4},"end":{"line":44,"column":null}}]},"6":{"loc":{"start":{"line":38,"column":6},"end":{"line":40,"column":null}},"type":"if","locations":[{"start":{"line":38,"column":6},"end":{"line":40,"column":null}},{"start":{"line":38,"column":6},"end":{"line":40,"column":null}}]}},"s":{"0":11,"1":11,"2":11,"3":11,"4":11,"5":11,"6":14,"7":12,"8":2,"9":10,"10":2,"11":2,"12":1,"13":1,"14":0,"15":12,"16":12,"17":9,"18":4,"19":5,"20":3,"21":3},"f":{"0":11,"1":14,"2":12},"b":{"0":[7],"1":[12,2],"2":[2,10],"3":[2,0],"4":[1,1],"5":[9,3],"6":[4,5]}}
,"/mnt/c/Users/colin/desktop/code/isValid/src/rules/index.ts": {"path":"/mnt/c/Users/colin/desktop/code/isValid/src/rules/index.ts","statementMap":{"0":{"start":{"line":1,"column":0},"end":{"line":1,"column":46}},"1":{"start":{"line":2,"column":0},"end":{"line":2,"column":62}},"2":{"start":{"line":3,"column":0},"end":{"line":3,"column":42}},"3":{"start":{"line":4,"column":0},"end":{"line":4,"column":40}},"4":{"start":{"line":5,"column":0},"end":{"line":5,"column":40}},"5":{"start":{"line":6,"column":0},"end":{"line":6,"column":40}},"6":{"start":{"line":7,"column":0},"end":{"line":7,"column":40}},"7":{"start":{"line":21,"column":13},"end":{"line":21,"column":49}},"8":{"start":{"line":24,"column":2},"end":{"line":24,"column":28}},"9":{"start":{"line":23,"column":0},"end":{"line":23,"column":16}},"10":{"start":{"line":27,"column":0},"end":{"line":27,"column":34}},"11":{"start":{"line":28,"column":0},"end":{"line":28,"column":50}},"12":{"start":{"line":29,"column":0},"end":{"line":29,"column":28}},"13":{"start":{"line":30,"column":0},"end":{"line":30,"column":30}},"14":{"start":{"line":31,"column":0},"end":{"line":31,"column":28}},"15":{"start":{"line":32,"column":0},"end":{"line":32,"column":28}},"16":{"start":{"line":33,"column":0},"end":{"line":33,"column":28}}},"fnMap":{"0":{"name":"addRule","decl":{"start":{"line":23,"column":16},"end":{"line":23,"column":23}},"loc":{"start":{"line":23,"column":56},"end":{"line":25,"column":1}}}},"branchMap":{},"s":{"0":2,"1":2,"2":2,"3":2,"4":2,"5":2,"6":2,"7":2,"8":14,"9":2,"10":2,"11":2,"12":2,"13":2,"14":2,"15":2,"16":2},"f":{"0":14},"b":{}}
}
