TN:
SF:src/FieldRenderer.ts
FN:21,(anonymous_0)
FN:27,(anonymous_1)
FN:67,(anonymous_2)
FN:71,(anonymous_3)
FN:79,(anonymous_4)
FN:87,(anonymous_5)
FNF:6
FNH:5
FNDA:13,(anonymous_0)
FNDA:18,(anonymous_1)
FNDA:0,(anonymous_2)
FNDA:8,(anonymous_3)
FNDA:8,(anonymous_4)
FNDA:2,(anonymous_5)
DA:1,2
DA:14,2
DA:18,13
DA:22,13
DA:23,13
DA:24,13
DA:29,18
DA:36,18
DA:43,18
DA:45,18
DA:47,5
DA:48,5
DA:49,5
DA:51,2
DA:52,2
DA:53,2
DA:54,2
DA:56,6
DA:57,6
DA:58,6
DA:60,5
DA:61,5
DA:62,5
DA:63,5
DA:68,0
DA:72,8
DA:74,7
DA:75,7
DA:76,7
DA:80,8
DA:81,8
DA:82,8
DA:83,8
DA:84,8
DA:88,2
DA:90,1
DA:91,1
DA:92,1
LF:38
LH:37
BRDA:36,0,0,0
BRDA:36,0,1,18
BRDA:36,1,0,18
BRDA:36,1,1,18
BRDA:46,2,0,5
BRDA:46,2,1,2
BRDA:46,2,2,6
BRDA:46,2,3,5
BRDA:48,3,0,0
BRDA:48,3,1,5
BRDA:48,4,0,5
BRDA:48,4,1,5
BRDA:53,5,0,0
BRDA:53,5,1,2
BRDA:53,6,0,2
BRDA:53,6,1,2
BRDA:57,7,0,0
BRDA:57,7,1,6
BRDA:57,8,0,6
BRDA:57,8,1,6
BRDA:62,9,0,0
BRDA:62,9,1,5
BRDA:62,10,0,5
BRDA:62,10,1,5
BRDA:72,11,0,1
BRDA:72,11,1,7
BRDA:83,12,0,0
BRDA:83,12,1,8
BRDA:83,13,0,8
BRDA:83,13,1,8
BRDA:84,14,0,0
BRDA:84,14,1,8
BRDA:84,15,0,8
BRDA:84,15,1,8
BRDA:88,16,0,1
BRDA:88,16,1,1
BRDA:92,17,0,0
BRDA:92,17,1,1
BRDA:92,18,0,1
BRDA:92,18,1,1
BRF:40
BRH:32
end_of_record
TN:
SF:src/FieldValidator.ts
FN:23,(anonymous_7)
FN:41,(anonymous_8)
FN:83,(anonymous_9)
FN:87,(anonymous_10)
FN:99,(anonymous_11)
FN:59,(anonymous_12)
FN:60,(anonymous_13)
FN:69,(anonymous_14)
FN:74,(anonymous_15)
FN:107,(anonymous_16)
FN:111,(anonymous_17)
FN:117,(anonymous_18)
FN:131,(anonymous_20)
FN:139,(anonymous_21)
FN:140,(anonymous_22)
FN:145,(anonymous_23)
FNF:16
FNH:13
FNDA:2,(anonymous_7)
FNDA:4,(anonymous_8)
FNDA:0,(anonymous_9)
FNDA:0,(anonymous_10)
FNDA:0,(anonymous_11)
FNDA:4,(anonymous_12)
FNDA:8,(anonymous_13)
FNDA:4,(anonymous_14)
FNDA:4,(anonymous_15)
FNDA:1,(anonymous_16)
FNDA:4,(anonymous_17)
FNDA:5,(anonymous_18)
FNDA:5,(anonymous_20)
FNDA:5,(anonymous_21)
FNDA:4,(anonymous_22)
FNDA:5,(anonymous_23)
DA:1,2
DA:2,2
DA:3,2
DA:23,2
DA:24,2
DA:25,2
DA:26,2
DA:27,2
DA:30,2
DA:33,4
DA:35,4
DA:37,4
DA:38,4
DA:39,4
DA:46,4
DA:47,4
DA:48,4
DA:50,4
DA:51,0
DA:54,4
DA:55,4
DA:56,4
DA:60,4
DA:61,8
DA:62,8
DA:63,8
DA:69,4
DA:70,4
DA:75,4
DA:76,0
DA:79,4
DA:80,4
DA:83,4
DA:84,0
DA:87,4
DA:88,0
DA:90,0
DA:91,0
DA:92,0
DA:95,0
DA:99,4
DA:100,0
DA:101,0
DA:102,0
DA:104,0
DA:108,1
DA:112,4
DA:113,4
DA:118,5
DA:119,5
DA:120,8
DA:122,8
DA:123,4
DA:124,4
DA:128,1
DA:132,5
DA:133,1
DA:135,4
DA:140,5
DA:141,4
DA:146,5
DA:147,0
DA:154,5
DA:156,5
DA:157,5
DA:159,5
DA:161,5
DA:162,5
DA:163,5
DA:165,5
DA:166,1
DA:168,4
DA:171,5
DA:173,5
DA:180,0
LF:75
LH:61
BRDA:23,0,0,2
BRDA:23,0,1,2
BRDA:88,1,0,0
BRDA:88,1,1,0
BRDA:90,2,0,0
BRDA:90,2,1,0
BRDA:91,3,0,0
BRDA:91,3,1,0
BRDA:101,4,0,0
BRDA:101,4,1,0
BRDA:50,5,0,0
BRDA:50,5,1,4
BRDA:62,6,0,8
BRDA:62,6,1,0
BRDA:75,7,0,0
BRDA:75,7,1,4
BRDA:112,8,0,4
BRDA:112,8,1,0
BRDA:112,9,0,4
BRDA:112,9,1,4
BRDA:122,10,0,4
BRDA:122,10,1,4
BRDA:132,11,0,1
BRDA:132,11,1,4
BRDA:146,12,0,0
BRDA:146,12,1,5
BRDA:146,13,0,5
BRDA:146,13,1,1
BRDA:159,14,0,5
BRDA:159,14,1,0
BRDA:165,15,0,1
BRDA:165,15,1,4
BRF:32
BRH:18
end_of_record
TN:
SF:src/RulesExtractor.ts
FN:6,(anonymous_0)
FN:15,(anonymous_1)
FN:19,(anonymous_2)
FN:20,(anonymous_3)
FN:29,(anonymous_4)
FN:38,(anonymous_5)
FN:42,(anonymous_6)
FN:53,(anonymous_7)
FN:57,(anonymous_8)
FN:58,(anonymous_9)
FNF:10
FNH:10
FNDA:3,(anonymous_0)
FNDA:3,(anonymous_1)
FNDA:9,(anonymous_2)
FNDA:39,(anonymous_3)
FNDA:3,(anonymous_4)
FNDA:9,(anonymous_5)
FNDA:54,(anonymous_6)
FNDA:3,(anonymous_7)
FNDA:6,(anonymous_8)
FNDA:33,(anonymous_9)
DA:1,1
DA:3,1
DA:7,3
DA:16,3
DA:18,3
DA:19,3
DA:20,9
DA:21,39
DA:24,9
DA:25,3
DA:30,3
DA:31,3
DA:39,9
DA:40,9
DA:42,9
DA:43,54
DA:45,54
DA:46,12
DA:50,9
DA:54,3
DA:55,3
DA:57,3
DA:58,6
DA:59,33
DA:61,33
DA:62,9
DA:63,9
DA:64,9
DA:65,9
DA:67,9
DA:70,9
DA:75,3
LF:32
LH:32
BRDA:6,0,0,3
BRDA:24,1,0,6
BRDA:24,1,1,3
BRDA:45,2,0,12
BRDA:45,2,1,42
BRDA:61,3,0,9
BRDA:61,3,1,24
BRDA:61,4,0,33
BRDA:61,4,1,9
BRDA:68,5,0,3
BRDA:68,5,1,6
BRF:11
BRH:11
end_of_record
TN:
SF:src/utils.ts
FN:1,extractValueAndOperator
FN:26,toCamelCase
FN:27,(anonymous_9)
FN:30,escapeRegex
FN:34,createDebouncedPromiseFunction
FN:37,(anonymous_12)
FN:53,debounce
FN:55,(anonymous_15)
FN:57,(anonymous_16)
FN:61,isInputElement
FNF:10
FNH:6
FNDA:8,extractValueAndOperator
FNDA:21,toCamelCase
FNDA:0,(anonymous_9)
FNDA:0,escapeRegex
FNDA:4,createDebouncedPromiseFunction
FNDA:5,(anonymous_12)
FNDA:4,debounce
FNDA:0,(anonymous_15)
FNDA:0,(anonymous_16)
FNDA:4,isInputElement
DA:1,4
DA:2,8
DA:3,0
DA:5,8
DA:6,8
DA:8,8
DA:10,8
DA:11,0
DA:14,8
DA:15,8
DA:17,8
DA:18,0
DA:21,8
DA:26,4
DA:27,21
DA:30,4
DA:31,0
DA:34,4
DA:35,4
DA:37,4
DA:38,5
DA:39,5
DA:41,5
DA:42,5
DA:44,5
DA:45,5
DA:48,0
DA:53,4
DA:54,4
DA:55,4
DA:56,0
DA:57,0
DA:61,4
DA:64,4
DA:65,0
DA:68,4
LF:36
LH:28
BRDA:2,0,0,0
BRDA:2,0,1,8
BRDA:8,1,0,0
BRDA:8,1,1,8
BRDA:8,2,0,0
BRDA:8,2,1,8
BRDA:8,3,0,8
BRDA:8,3,1,8
BRDA:10,4,0,0
BRDA:10,4,1,8
BRDA:17,5,0,0
BRDA:17,5,1,8
BRDA:44,6,0,5
BRDA:44,6,1,0
BRDA:64,7,0,0
BRDA:64,7,1,4
BRF:16
BRH:9
end_of_record
TN:
SF:src/rules/AsyncRule.ts
FN:3,wait
FN:4,(anonymous_8)
FN:5,(anonymous_9)
FN:17,(anonymous_10)
FN:22,(anonymous_11)
FN:30,(anonymous_12)
FNF:6
FNH:0
FNDA:0,wait
FNDA:0,(anonymous_8)
FNDA:0,(anonymous_9)
FNDA:0,(anonymous_10)
FNDA:0,(anonymous_11)
FNDA:0,(anonymous_12)
DA:4,0
DA:5,0
DA:6,0
DA:11,2
DA:14,0
DA:15,0
DA:18,0
DA:19,0
DA:23,0
DA:24,0
DA:27,0
DA:31,0
DA:33,0
DA:35,0
DA:36,0
DA:37,0
DA:39,0
DA:41,0
LF:18
LH:1
BRDA:23,0,0,0
BRDA:23,0,1,0
BRDA:35,1,0,0
BRDA:35,1,1,0
BRDA:36,2,0,0
BRDA:36,2,1,0
BRF:6
BRH:0
end_of_record
TN:
SF:src/rules/EmailRule.ts
FN:7,(anonymous_0)
FNF:1
FNH:1
FNDA:8,(anonymous_0)
DA:1,3
DA:3,3
DA:5,3
DA:6,8
DA:8,8
LF:5
LH:5
BRF:0
BRH:0
end_of_record
TN:
SF:src/rules/LengthRule.ts
FN:11,(anonymous_0)
FN:17,(anonymous_1)
FN:24,(anonymous_2)
FNF:3
FNH:3
FNDA:9,(anonymous_0)
FNDA:10,(anonymous_1)
FNDA:8,(anonymous_2)
DA:2,3
DA:4,3
DA:7,9
DA:8,9
DA:9,9
DA:12,9
DA:13,9
DA:14,9
DA:18,10
DA:19,10
DA:21,0
DA:25,8
DA:26,8
DA:27,8
LF:14
LH:13
BRDA:18,0,0,10
BRDA:18,0,1,0
BRF:2
BRH:1
end_of_record
TN:
SF:src/rules/MatchRule.ts
FN:12,(anonymous_0)
FN:25,(anonymous_1)
FN:31,(anonymous_2)
FNF:3
FNH:0
FNDA:0,(anonymous_0)
FNDA:0,(anonymous_1)
FNDA:0,(anonymous_2)
DA:4,2
DA:8,0
DA:9,0
DA:10,0
DA:13,0
DA:14,0
DA:15,0
DA:16,0
DA:18,0
DA:19,0
DA:26,0
DA:27,0
DA:32,0
DA:33,0
LF:14
LH:1
BRDA:18,0,0,0
BRDA:18,0,1,0
BRDA:26,1,0,0
BRDA:26,1,1,0
BRDA:26,2,0,0
BRDA:26,2,1,0
BRF:6
BRH:0
end_of_record
TN:
SF:src/rules/RegexRule.ts
FN:12,(anonymous_0)
FN:19,(anonymous_1)
FN:25,(anonymous_2)
FNF:3
FNH:3
FNDA:15,(anonymous_0)
FNDA:15,(anonymous_1)
FNDA:15,(anonymous_2)
DA:4,4
DA:7,15
DA:8,15
DA:9,15
DA:13,15
DA:14,15
DA:15,15
DA:16,15
DA:20,15
DA:21,15
DA:26,15
DA:27,15
LF:12
LH:12
BRDA:12,0,0,0
BRDA:20,1,0,15
BRDA:20,1,1,0
BRF:3
BRH:1
end_of_record
TN:
SF:src/rules/RequiredMultipleRule.ts
FN:12,(anonymous_0)
FN:23,(anonymous_1)
FN:25,(anonymous_2)
FN:27,(anonymous_3)
FNF:4
FNH:0
FNDA:0,(anonymous_0)
FNDA:0,(anonymous_1)
FNDA:0,(anonymous_2)
FNDA:0,(anonymous_3)
DA:2,2
DA:4,2
DA:8,0
DA:9,0
DA:10,0
DA:13,0
DA:14,0
DA:16,0
DA:17,0
DA:19,0
DA:20,0
DA:26,0
DA:27,0
DA:28,0
DA:29,0
DA:31,0
DA:35,0
LF:17
LH:2
BRDA:12,0,0,0
BRDA:16,1,0,0
BRDA:16,1,1,0
BRDA:28,2,0,0
BRDA:28,2,1,0
BRF:5
BRH:0
end_of_record
TN:
SF:src/rules/RequiredRule.ts
FN:10,(anonymous_0)
FN:16,(anonymous_1)
FN:34,(anonymous_2)
FNF:3
FNH:3
FNDA:11,(anonymous_0)
FNDA:14,(anonymous_1)
FNDA:12,(anonymous_2)
DA:3,3
DA:6,11
DA:7,11
DA:8,11
DA:11,11
DA:12,11
DA:13,11
DA:17,14
DA:18,12
DA:19,2
DA:21,10
DA:23,2
DA:24,2
DA:25,1
DA:27,1
DA:31,0
DA:35,12
DA:37,12
DA:38,9
DA:39,4
DA:41,5
DA:43,3
LF:22
LH:21
BRDA:10,0,0,7
BRDA:17,1,0,12
BRDA:17,1,1,2
BRDA:18,2,0,2
BRDA:18,2,1,10
BRDA:23,3,0,2
BRDA:23,3,1,0
BRDA:24,4,0,1
BRDA:24,4,1,1
BRDA:37,5,0,9
BRDA:37,5,1,3
BRDA:38,6,0,4
BRDA:38,6,1,5
BRF:13
BRH:12
end_of_record
TN:
SF:src/rules/index.ts
FN:23,addRule
FNF:1
FNH:1
FNDA:14,addRule
DA:1,2
DA:2,2
DA:3,2
DA:4,2
DA:5,2
DA:6,2
DA:7,2
DA:21,2
DA:23,2
DA:24,14
DA:27,2
DA:28,2
DA:29,2
DA:30,2
DA:31,2
DA:32,2
DA:33,2
LF:17
LH:17
BRF:0
BRH:0
end_of_record
